
[02-May-2024 20:41:49 UTC] PHP Warning:  Undefined property: stdClass::$tour in /home/explorer/public_html/wp-content/themes/theme-69explorer/inc/src/pear-email.php on line 78
[02-May-2024 20:42:06 UTC] PHP Warning:  Undefined property: stdClass::$tour in /home/explorer/public_html/wp-content/themes/theme-69explorer/inc/src/pear-email.php on line 78
[02-May-2024 20:48:06 UTC] PHP Warning:  Undefined property: stdClass::$tour in /home/explorer/public_html/wp-content/themes/theme-69explorer/inc/src/pear-email.php on line 78
[02-May-2024 20:59:15 UTC] PHP Warning:  Undefined property: stdClass::$tour in /home/explorer/public_html/wp-content/themes/theme-69explorer/inc/src/pear-email.php on line 78
[02-May-2024 21:08:16 UTC] PHP Warning:  Undefined property: stdClass::$tour in /home/explorer/public_html/wp-content/themes/theme-69explorer/inc/src/pear-email.php on line 78
[02-May-2024 22:29:57 UTC] PHP Warning:  Undefined property: stdClass::$tour in /home/explorer/public_html/wp-content/themes/theme-69explorer/inc/src/pear-email.php on line 78
[20-May-2024 22:44:06 UTC] PHP Warning:  Undefined property: stdClass::$tour in /home/explorer/public_html/wp-content/themes/theme-69explorer/inc/src/pear-email.php on line 78
[20-May-2024 22:44:12 UTC] PHP Warning:  Undefined property: stdClass::$tour in /home/explorer/public_html/wp-content/themes/theme-69explorer/inc/src/pear-email.php on line 78
[21-May-2024 06:20:14 UTC] PHP Warning:  Undefined property: stdClass::$tour in /home/explorer/public_html/wp-content/themes/theme-69explorer/inc/src/pear-email.php on line 78
[12-Aug-2024 14:11:40 UTC] PHP Warning:  Undefined property: stdClass::$fullName in /home/explorer/public_html/wp-content/themes/theme-69explorer/inc/src/pear-email.php on line 117
[27-Feb-2025 17:02:48 UTC] PHP Warning:  Undefined property: stdClass::$email in C:\xampp\htdocs\69explorerDev\wp-content\themes\theme-69explorer\inc\src\pear-email.php on line 127
[27-Feb-2025 17:05:24 UTC] PHP Warning:  Undefined property: stdClass::$email in C:\xampp\htdocs\69explorerDev\wp-content\themes\theme-69explorer\inc\src\pear-email.php on line 127
[27-Feb-2025 17:16:43 UTC] PHP Warning:  Undefined property: stdClass::$email in C:\xampp\htdocs\69explorerDev\wp-content\themes\theme-69explorer\inc\src\pear-email.php on line 127
[27-Feb-2025 17:37:37 UTC] PHP Warning:  Undefined property: stdClass::$email in C:\xampp\htdocs\69explorerDev\wp-content\themes\theme-69explorer\inc\src\pear-email.php on line 127
[27-Feb-2025 17:48:35 UTC] PHP Warning:  Undefined property: stdClass::$email in C:\xampp\htdocs\69explorerDev\wp-content\themes\theme-69explorer\inc\src\pear-email.php on line 127
[27-Feb-2025 21:23:02 UTC] PHP Warning:  Undefined property: stdClass::$tour in C:\xampp\htdocs\69explorerDev\wp-content\themes\theme-69explorer\inc\src\pear-email.php on line 123
[27-Feb-2025 21:23:02 UTC] PHP Warning:  Undefined property: stdClass::$email in C:\xampp\htdocs\69explorerDev\wp-content\themes\theme-69explorer\inc\src\pear-email.php on line 127
[27-Feb-2025 21:23:05 UTC] PHP Warning:  Undefined property: stdClass::$tour in C:\xampp\htdocs\69explorerDev\wp-content\themes\theme-69explorer\inc\src\pear-email.php on line 123
[27-Feb-2025 21:23:05 UTC] PHP Warning:  Undefined property: stdClass::$email in C:\xampp\htdocs\69explorerDev\wp-content\themes\theme-69explorer\inc\src\pear-email.php on line 127
[27-Feb-2025 21:25:20 UTC] PHP Warning:  Undefined property: stdClass::$tour in C:\xampp\htdocs\69explorerDev\wp-content\themes\theme-69explorer\inc\src\pear-email.php on line 123
[27-Feb-2025 21:25:20 UTC] PHP Warning:  Undefined property: stdClass::$email in C:\xampp\htdocs\69explorerDev\wp-content\themes\theme-69explorer\inc\src\pear-email.php on line 127
[27-Feb-2025 21:25:59 UTC] PHP Warning:  Undefined property: stdClass::$tour in C:\xampp\htdocs\69explorerDev\wp-content\themes\theme-69explorer\inc\src\pear-email.php on line 123
[27-Feb-2025 21:25:59 UTC] PHP Warning:  Undefined property: stdClass::$email in C:\xampp\htdocs\69explorerDev\wp-content\themes\theme-69explorer\inc\src\pear-email.php on line 127
[27-Feb-2025 21:26:25 UTC] PHP Warning:  Undefined property: stdClass::$tour in C:\xampp\htdocs\69explorerDev\wp-content\themes\theme-69explorer\inc\src\pear-email.php on line 123
[27-Feb-2025 21:26:25 UTC] PHP Warning:  Undefined property: stdClass::$email in C:\xampp\htdocs\69explorerDev\wp-content\themes\theme-69explorer\inc\src\pear-email.php on line 127
[27-Feb-2025 21:27:09 UTC] PHP Warning:  Undefined property: stdClass::$tour in C:\xampp\htdocs\69explorerDev\wp-content\themes\theme-69explorer\inc\src\pear-email.php on line 123
[03-Mar-2025 17:20:03 UTC] PHP Warning:  Undefined property: stdClass::$fullName in /home/explorer/public_html/wp-content/themes/theme-69explorer/inc/src/pear-email.php on line 158
[03-Mar-2025 17:20:09 UTC] PHP Warning:  Undefined property: stdClass::$fullName in /home/explorer/public_html/wp-content/themes/theme-69explorer/inc/src/pear-email.php on line 158
[11-Mar-2025 15:06:30 UTC] PHP Warning:  Undefined property: stdClass::$name in /home/explorer/public_html/wp-content/themes/theme-69explorer/inc/src/pear-email.php on line 158
[11-Mar-2025 15:06:34 UTC] PHP Warning:  Undefined property: stdClass::$name in /home/explorer/public_html/wp-content/themes/theme-69explorer/inc/src/pear-email.php on line 158
[11-Mar-2025 15:12:09 UTC] PHP Warning:  Undefined property: stdClass::$name in /home/explorer/public_html/wp-content/themes/theme-69explorer/inc/src/pear-email.php on line 158
[11-Mar-2025 15:12:11 UTC] PHP Warning:  Undefined property: stdClass::$name in /home/explorer/public_html/wp-content/themes/theme-69explorer/inc/src/pear-email.php on line 158
[11-Mar-2025 15:12:14 UTC] PHP Warning:  Undefined property: stdClass::$name in /home/explorer/public_html/wp-content/themes/theme-69explorer/inc/src/pear-email.php on line 158
[11-Mar-2025 15:12:31 UTC] PHP Warning:  Undefined property: stdClass::$name in /home/explorer/public_html/wp-content/themes/theme-69explorer/inc/src/pear-email.php on line 158
[11-Mar-2025 15:12:33 UTC] PHP Warning:  Undefined property: stdClass::$name in /home/explorer/public_html/wp-content/themes/theme-69explorer/inc/src/pear-email.php on line 158
[11-Mar-2025 15:14:27 UTC] PHP Warning:  Undefined property: stdClass::$name in /home/explorer/public_html/wp-content/themes/theme-69explorer/inc/src/pear-email.php on line 158
